{"logTime": "1006/053147", "correlationVector":"bV8sejJTWWNszapSlqNw0a.1","action":"SyncServerConnectionManagerRequest", "result":"SYNC_SERVER_OK", "context":{"environment":"Prod_SoutheastAsia_000j", "migrationStage":"NotStarted", "server":"GENERAL0100000W"}}
{"logTime": "1006/053147", "correlationVector":"OgVyrC7T6bKyZd0BoMx88M","action":"SyncServerConnectionManagerRequest", "result":"SYNC_SERVER_OK", "context":{"environment":"", "migrationStage":"", "server":""}}
{"logTime": "1006/053147", "correlationVector":"bV8sejJTWWNszapSlqNw0a","action":"Initial GetUpdates", "result":"", "context":Reason: NEW_CLIENT. cV=bV8sejJTWWNszapSlqNw0a}
{"logTime": "1006/053147", "correlationVector":"bV8sejJTWWNszapSlqNw0a.2","action":"GetUpdates Response", "result":"Success", "context":Received 1 update(s). cV=bV8sejJTWWNszapSlqNw0a.0;server=GENERAL0100000W;cloudType=Consumer;environment=Prod_SoutheastAsia_000j;migrationStage=NotStarted}
{"logTime": "1006/053147", "correlationVector":"USvDO4noWRpHeGMh4M5hyD","action":"Initial GetUpdates", "result":"", "context":Reason: NEWLY_SUPPORTED_DATATYPE. cV=USvDO4noWRpHeGMh4M5hyD}
{"logTime": "1006/053148", "correlationVector":"USvDO4noWRpHeGMh4M5hyD.1","action":"SyncServerConnectionManagerRequest", "result":"SYNC_SERVER_OK", "context":{"environment":"Prod_SoutheastAsia_000j", "migrationStage":"NotStarted", "server":"GENERAL03000003"}}
{"logTime": "1006/053149", "correlationVector":"USvDO4noWRpHeGMh4M5hyD.2","action":"GetUpdates Response", "result":"Success", "context":Received 250 update(s). cV=USvDO4noWRpHeGMh4M5hyD.0;server=GENERAL03000003;cloudType=Consumer;environment=Prod_SoutheastAsia_000j;migrationStage=NotStarted Some updates remain.}
{"logTime": "1006/053149", "correlationVector":"KWLvnaN0KtDhr3reIul061","action":"Initial GetUpdates", "result":"", "context":Reason: NEWLY_SUPPORTED_DATATYPE. cV=KWLvnaN0KtDhr3reIul061}
{"logTime": "1006/053149", "correlationVector":"KWLvnaN0KtDhr3reIul061.1","action":"SyncServerConnectionManagerRequest", "result":"SYNC_SERVER_OK", "context":{"environment":"Prod_SoutheastAsia_000j", "migrationStage":"NotStarted", "server":"GENERAL0300000N"}}
{"logTime": "1006/053149", "correlationVector":"KWLvnaN0KtDhr3reIul061.2","action":"GetUpdates Response", "result":"Success", "context":Received 22 update(s). cV=KWLvnaN0KtDhr3reIul061.0;server=GENERAL0300000N;cloudType=Consumer;environment=Prod_SoutheastAsia_000j;migrationStage=NotStarted}
{"logTime": "1006/053149", "correlationVector":"0R2hJPkv0k2Y93jeFX/LR5","action":"Initial GetUpdates", "result":"", "context":Reason: NEWLY_SUPPORTED_DATATYPE. cV=0R2hJPkv0k2Y93jeFX/LR5}
{"logTime": "1006/053149", "correlationVector":"0R2hJPkv0k2Y93jeFX/LR5.1","action":"SyncServerConnectionManagerRequest", "result":"SYNC_SERVER_OK", "context":{"environment":"Prod_SoutheastAsia_000j", "migrationStage":"NotStarted", "server":"GENERAL0300001Q"}}
{"logTime": "1006/053149", "correlationVector":"0R2hJPkv0k2Y93jeFX/LR5.2","action":"GetUpdates Response", "result":"Success", "context":Received 12 update(s). cV=0R2hJPkv0k2Y93jeFX/LR5.0;server=GENERAL0300001Q;cloudType=Consumer;environment=Prod_SoutheastAsia_000j;migrationStage=NotStarted}
{"logTime": "1006/053149", "correlationVector":"4NoOfLRQNdUYLzlW0ZBpGI","action":"Initial GetUpdates", "result":"", "context":Reason: NEWLY_SUPPORTED_DATATYPE. cV=4NoOfLRQNdUYLzlW0ZBpGI}
{"logTime": "1006/053150", "correlationVector":"4NoOfLRQNdUYLzlW0ZBpGI.1","action":"SyncServerConnectionManagerRequest", "result":"SYNC_SERVER_OK", "context":{"environment":"Prod_SoutheastAsia_000j", "migrationStage":"NotStarted", "server":"GENERAL0100001J"}}
{"logTime": "1006/053150", "correlationVector":"4NoOfLRQNdUYLzlW0ZBpGI.2","action":"GetUpdates", "result":"DeleteReceived", "context":{"id":"43bb6980-42f5-4a39-ac67-9efa4547ff6f", "isDeleted:":"true", "version":"1720873694548"}}
{"logTime": "1006/053150", "correlationVector":"4NoOfLRQNdUYLzlW0ZBpGI.3","action":"GetUpdates", "result":"DeleteReceived", "context":{"id":"5874458f-179e-4acd-98cb-ebe444288eac", "isDeleted:":"true", "version":"1720873995156"}}
{"logTime": "1006/053150", "correlationVector":"4NoOfLRQNdUYLzlW0ZBpGI.4","action":"GetUpdates", "result":"DeleteReceived", "context":{"id":"d4f98d82-cedb-4372-a287-1fbf4616491a", "isDeleted:":"true", "version":"1720878306631"}}
{"logTime": "1006/053150", "correlationVector":"4NoOfLRQNdUYLzlW0ZBpGI.5","action":"GetUpdates", "result":"DeleteReceived", "context":{"id":"7fc37ee9-d8df-4cb7-9a8a-0a07984abe79", "isDeleted:":"true", "version":"1720878306632"}}
{"logTime": "1006/053150", "correlationVector":"4NoOfLRQNdUYLzlW0ZBpGI.6","action":"GetUpdates", "result":"DeleteReceived", "context":{"id":"33f87ee3-d506-4c96-af38-b7ce0b2b4923", "isDeleted:":"true", "version":"1720878306633"}}
{"logTime": "1006/053150", "correlationVector":"4NoOfLRQNdUYLzlW0ZBpGI.7","action":"GetUpdates", "result":"DeleteReceived", "context":{"id":"b67f1978-7dca-4feb-b3e6-4da2d8295b44", "isDeleted:":"true", "version":"1720878306634"}}
{"logTime": "1006/053150", "correlationVector":"4NoOfLRQNdUYLzlW0ZBpGI.8","action":"GetUpdates", "result":"DeleteReceived", "context":{"id":"eaaaaf70-ceb3-4341-b42c-66d72e511086", "isDeleted:":"true", "version":"1720878306636"}}
{"logTime": "1006/053150", "correlationVector":"4NoOfLRQNdUYLzlW0ZBpGI.9","action":"GetUpdates", "result":"DeleteReceived", "context":{"id":"ab14885f-d563-4b11-8ebb-ec71b061816e", "isDeleted:":"true", "version":"1720878306637"}}
{"logTime": "1006/053150", "correlationVector":"4NoOfLRQNdUYLzlW0ZBpGI.10","action":"GetUpdates", "result":"DeleteReceived", "context":{"id":"39735f73-8e7a-45ac-b319-0875ba346955", "isDeleted:":"true", "version":"1720878306638"}}
{"logTime": "1006/053150", "correlationVector":"4NoOfLRQNdUYLzlW0ZBpGI.11","action":"GetUpdates", "result":"DeleteReceived", "context":{"id":"11ed2a82-46d6-49e2-8095-64122ba2079b", "isDeleted:":"true", "version":"1721035742833"}}
{"logTime": "1006/053150", "correlationVector":"4NoOfLRQNdUYLzlW0ZBpGI.12","action":"GetUpdates", "result":"DeleteReceived", "context":{"id":"b685ad94-49b4-4057-a416-a01635f5f8da", "isDeleted:":"true", "version":"1721035742834"}}
{"logTime": "1006/053150", "correlationVector":"4NoOfLRQNdUYLzlW0ZBpGI.13","action":"GetUpdates", "result":"DeleteReceived", "context":{"id":"ef04efac-8302-4682-805c-e32e7363f62b", "isDeleted:":"true", "version":"1721096060670"}}
{"logTime": "1006/053150", "correlationVector":"4NoOfLRQNdUYLzlW0ZBpGI.14","action":"GetUpdates", "result":"DeleteReceived", "context":{"id":"3c697432-8453-4040-b3e3-c546eafebe6f", "isDeleted:":"true", "version":"1721192143154"}}
{"logTime": "1006/053150", "correlationVector":"4NoOfLRQNdUYLzlW0ZBpGI.15","action":"GetUpdates", "result":"DeleteReceived", "context":{"id":"e330dbb9-1c25-4a58-86a8-44e6d96a0e91", "isDeleted:":"true", "version":"1721192143155"}}
{"logTime": "1006/053150", "correlationVector":"4NoOfLRQNdUYLzlW0ZBpGI.16","action":"GetUpdates", "result":"DeleteReceived", "context":{"id":"de4c5fc5-723d-4bc3-a2da-d25ccf02f342", "isDeleted:":"true", "version":"1721270992445"}}
{"logTime": "1006/053150", "correlationVector":"4NoOfLRQNdUYLzlW0ZBpGI.17","action":"GetUpdates", "result":"DeleteReceived", "context":{"id":"43da985c-976e-4f4d-a16e-432c96b16239", "isDeleted:":"true", "version":"1721270992446"}}
{"logTime": "1006/053150", "correlationVector":"4NoOfLRQNdUYLzlW0ZBpGI.18","action":"GetUpdates", "result":"DeleteReceived", "context":{"id":"0cc577c1-0b04-4bfb-817a-4bac7cc66e8e", "isDeleted:":"true", "version":"1721270992447"}}
{"logTime": "1006/053150", "correlationVector":"4NoOfLRQNdUYLzlW0ZBpGI.19","action":"GetUpdates", "result":"DeleteReceived", "context":{"id":"3a12247c-79d5-47d4-ab51-c794d02ca65c", "isDeleted:":"true", "version":"1721270992455"}}
{"logTime": "1006/053150", "correlationVector":"4NoOfLRQNdUYLzlW0ZBpGI.20","action":"GetUpdates", "result":"DeleteReceived", "context":{"id":"988dbf58-362e-4d1e-8f5c-24474965b979", "isDeleted:":"true", "version":"1721272857001"}}
{"logTime": "1006/053150", "correlationVector":"4NoOfLRQNdUYLzlW0ZBpGI.21","action":"GetUpdates", "result":"DeleteReceived", "context":{"id":"8c74b375-73f8-44b1-ba9d-59c88fc588f7", "isDeleted:":"true", "version":"1721272857002"}}
{"logTime": "1006/053150", "correlationVector":"4NoOfLRQNdUYLzlW0ZBpGI.22","action":"GetUpdates", "result":"DeleteReceived", "context":{"id":"6490219d-c0f1-4ba1-9685-163568ca93ed", "isDeleted:":"true", "version":"1721272857003"}}
{"logTime": "1006/053150", "correlationVector":"4NoOfLRQNdUYLzlW0ZBpGI.23","action":"GetUpdates", "result":"DeleteReceived", "context":{"id":"8a997215-aa83-4c47-91aa-76aa7c8bc77b", "isDeleted:":"true", "version":"1721272857004"}}
{"logTime": "1006/053150", "correlationVector":"4NoOfLRQNdUYLzlW0ZBpGI.24","action":"GetUpdates", "result":"DeleteReceived", "context":{"id":"1a2c24c5-d296-4f04-9645-739ce49faab0", "isDeleted:":"true", "version":"1721272857006"}}
{"logTime": "1006/053150", "correlationVector":"4NoOfLRQNdUYLzlW0ZBpGI.25","action":"GetUpdates", "result":"DeleteReceived", "context":{"id":"264d6916-ce67-458e-b5f4-e2880b643f29", "isDeleted:":"true", "version":"1721272857007"}}
{"logTime": "1006/053150", "correlationVector":"4NoOfLRQNdUYLzlW0ZBpGI.26","action":"GetUpdates", "result":"DeleteReceived", "context":{"id":"5e262cb9-33a8-46d4-8ad8-2183afcb019b", "isDeleted:":"true", "version":"1721272857008"}}
{"logTime": "1006/053150", "correlationVector":"4NoOfLRQNdUYLzlW0ZBpGI.27","action":"GetUpdates", "result":"DeleteReceived", "context":{"id":"6662c82a-136a-4f85-bac4-598a652fa39c", "isDeleted:":"true", "version":"1721272857009"}}
{"logTime": "1006/053150", "correlationVector":"4NoOfLRQNdUYLzlW0ZBpGI.28","action":"GetUpdates", "result":"DeleteReceived", "context":{"id":"ee28e1fa-ff0e-4c49-a11b-13d4420fff5e", "isDeleted:":"true", "version":"1721823409398"}}
{"logTime": "1006/053150", "correlationVector":"4NoOfLRQNdUYLzlW0ZBpGI.29","action":"GetUpdates", "result":"DeleteReceived", "context":{"id":"71376288-a335-4232-9a72-9d53fc3338d4", "isDeleted:":"true", "version":"1721887984007"}}
{"logTime": "1006/053150", "correlationVector":"4NoOfLRQNdUYLzlW0ZBpGI.30","action":"GetUpdates", "result":"DeleteReceived", "context":{"id":"2e11059a-f167-4141-a615-2b64a8a36e71", "isDeleted:":"true", "version":"1721968713533"}}
{"logTime": "1006/053150", "correlationVector":"4NoOfLRQNdUYLzlW0ZBpGI.31","action":"GetUpdates", "result":"DeleteReceived", "context":{"id":"3f6a0252-1e28-4361-8d23-7ae6b786a7b8", "isDeleted:":"true", "version":"1721998975593"}}
{"logTime": "1006/053150", "correlationVector":"4NoOfLRQNdUYLzlW0ZBpGI.32","action":"GetUpdates", "result":"DeleteReceived", "context":{"id":"4679cebd-e8b7-49ad-8088-674bd91452ec", "isDeleted:":"true", "version":"1723551239308"}}
{"logTime": "1006/053150", "correlationVector":"4NoOfLRQNdUYLzlW0ZBpGI.33","action":"GetUpdates", "result":"DeleteReceived", "context":{"id":"65f831ee-128c-4c0a-b6d7-9031805a3fdf", "isDeleted:":"true", "version":"1723551239309"}}
{"logTime": "1006/053150", "correlationVector":"4NoOfLRQNdUYLzlW0ZBpGI.34","action":"GetUpdates", "result":"DeleteReceived", "context":{"id":"d1f780d5-62ce-4ccb-921f-813c4ec6bdd8", "isDeleted:":"true", "version":"1723551239310"}}
{"logTime": "1006/053150", "correlationVector":"4NoOfLRQNdUYLzlW0ZBpGI.35","action":"GetUpdates", "result":"DeleteReceived", "context":{"id":"339c9a8f-5fc6-4508-8251-fc0fe3e6250e", "isDeleted:":"true", "version":"1723551686357"}}
{"logTime": "1006/053150", "correlationVector":"4NoOfLRQNdUYLzlW0ZBpGI.36","action":"GetUpdates", "result":"DeleteReceived", "context":{"id":"fa831ab2-e58f-487e-b9ce-47bd5f44f5f2", "isDeleted:":"true", "version":"1723551854089"}}
{"logTime": "1006/053150", "correlationVector":"4NoOfLRQNdUYLzlW0ZBpGI.37","action":"GetUpdates", "result":"DeleteReceived", "context":{"id":"3f4de9c1-25ad-4bca-9792-85318c52e093", "isDeleted:":"true", "version":"1723551884616"}}
{"logTime": "1006/053150", "correlationVector":"4NoOfLRQNdUYLzlW0ZBpGI.38","action":"GetUpdates", "result":"DeleteReceived", "context":{"id":"d43adc4b-dff2-4025-b98c-526f7d91161f", "isDeleted:":"true", "version":"1723551884618"}}
{"logTime": "1006/053150", "correlationVector":"4NoOfLRQNdUYLzlW0ZBpGI.39","action":"GetUpdates", "result":"DeleteReceived", "context":{"id":"3294417c-b9b4-4dad-9d93-cbc4b8fbee57", "isDeleted:":"true", "version":"1723551915471"}}
{"logTime": "1006/053150", "correlationVector":"4NoOfLRQNdUYLzlW0ZBpGI.40","action":"GetUpdates", "result":"DeleteReceived", "context":{"id":"5ad33b2b-4a43-4521-bc12-d934b99c8643", "isDeleted:":"true", "version":"1723552105117"}}
{"logTime": "1006/053150", "correlationVector":"4NoOfLRQNdUYLzlW0ZBpGI.41","action":"GetUpdates", "result":"DeleteReceived", "context":{"id":"5cd64e8a-ddce-46b9-a22a-cc62789a0b6c", "isDeleted:":"true", "version":"1723552105118"}}
{"logTime": "1006/053150", "correlationVector":"4NoOfLRQNdUYLzlW0ZBpGI.42","action":"GetUpdates", "result":"DeleteReceived", "context":{"id":"15fbf2aa-245f-4bbe-9491-336b8d8bb448", "isDeleted:":"true", "version":"1723552299481"}}
{"logTime": "1006/053150", "correlationVector":"4NoOfLRQNdUYLzlW0ZBpGI.43","action":"GetUpdates", "result":"DeleteReceived", "context":{"id":"61a21be0-75db-460b-b22a-80404c038f62", "isDeleted:":"true", "version":"1723554380184"}}
{"logTime": "1006/053150", "correlationVector":"4NoOfLRQNdUYLzlW0ZBpGI.44","action":"GetUpdates", "result":"DeleteReceived", "context":{"id":"4606996f-e553-45c4-b083-3a645777ab24", "isDeleted:":"true", "version":"1723559355263"}}
{"logTime": "1006/053150", "correlationVector":"4NoOfLRQNdUYLzlW0ZBpGI.45","action":"GetUpdates", "result":"DeleteReceived", "context":{"id":"36099fc5-f5be-446f-b0d0-bfda36ac6860", "isDeleted:":"true", "version":"1723559355264"}}
{"logTime": "1006/053150", "correlationVector":"4NoOfLRQNdUYLzlW0ZBpGI.46","action":"GetUpdates", "result":"DeleteReceived", "context":{"id":"981cf334-73f3-46c3-a39e-0cfcbc5870c9", "isDeleted:":"true", "version":"1723559355265"}}
{"logTime": "1006/053150", "correlationVector":"4NoOfLRQNdUYLzlW0ZBpGI.47","action":"GetUpdates", "result":"DeleteReceived", "context":{"id":"0ed687b7-1bc6-4801-b62e-ee98919ae4b7", "isDeleted:":"true", "version":"1723559630371"}}
{"logTime": "1006/053150", "correlationVector":"4NoOfLRQNdUYLzlW0ZBpGI.48","action":"GetUpdates", "result":"DeleteReceived", "context":{"id":"c078c32a-2285-4019-a24f-05b0adbb2c34", "isDeleted:":"true", "version":"1723559630372"}}
{"logTime": "1006/053150", "correlationVector":"4NoOfLRQNdUYLzlW0ZBpGI.49","action":"GetUpdates", "result":"DeleteReceived", "context":{"id":"1f4619ed-f72f-4684-aa69-7373f23466aa", "isDeleted:":"true", "version":"1723559672517"}}
{"logTime": "1006/053150", "correlationVector":"4NoOfLRQNdUYLzlW0ZBpGI.50","action":"GetUpdates", "result":"DeleteReceived", "context":{"id":"3f0fa565-74da-4ab9-a11c-44c19ea1bf74", "isDeleted:":"true", "version":"1723559749278"}}
{"logTime": "1006/053150", "correlationVector":"4NoOfLRQNdUYLzlW0ZBpGI.51","action":"GetUpdates", "result":"DeleteReceived", "context":{"id":"82a961bd-7df3-4172-a75f-349d79401049", "isDeleted:":"true", "version":"1723559749279"}}
{"logTime": "1006/053150", "correlationVector":"4NoOfLRQNdUYLzlW0ZBpGI.52","action":"GetUpdates", "result":"DeleteReceived", "context":{"id":"a66d1a7e-d3ff-4f21-87ba-324067a15201", "isDeleted:":"true", "version":"1723559822340"}}
{"logTime": "1006/053150", "correlationVector":"4NoOfLRQNdUYLzlW0ZBpGI.53","action":"GetUpdates", "result":"DeleteReceived", "context":{"id":"687f5c5e-35f5-4142-8237-a1372fc7bece", "isDeleted:":"true", "version":"1723560351108"}}
{"logTime": "1006/053150", "correlationVector":"4NoOfLRQNdUYLzlW0ZBpGI.54","action":"GetUpdates", "result":"DeleteReceived", "context":{"id":"c3a73c91-422f-442f-88ef-9d4b77eec067", "isDeleted:":"true", "version":"1723561195929"}}
{"logTime": "1006/053150", "correlationVector":"4NoOfLRQNdUYLzlW0ZBpGI.55","action":"GetUpdates Response", "result":"Success", "context":Received 250 update(s). cV=4NoOfLRQNdUYLzlW0ZBpGI.0;server=GENERAL0100001J;cloudType=Consumer;environment=Prod_SoutheastAsia_000j;migrationStage=NotStarted Some updates remain.}
{"logTime": "1006/053150", "correlationVector":"yQf5UI+9hsRwOKAsNZW8ec","action":"Initial GetUpdates", "result":"", "context":Reason: NEWLY_SUPPORTED_DATATYPE. cV=yQf5UI+9hsRwOKAsNZW8ec}
{"logTime": "1006/053151", "correlationVector":"yQf5UI+9hsRwOKAsNZW8ec.1","action":"SyncServerConnectionManagerRequest", "result":"SYNC_SERVER_OK", "context":{"environment":"Prod_SoutheastAsia_000j", "migrationStage":"NotStarted", "server":"GENERAL03000002"}}
{"logTime": "1006/053151", "correlationVector":"yQf5UI+9hsRwOKAsNZW8ec.2","action":"GetUpdates", "result":"DeleteReceived", "context":{"id":"68a7fbfc-8502-4a84-99a0-884b7c758dcb", "isDeleted:":"true", "version":"1723569169660"}}
{"logTime": "1006/053151", "correlationVector":"yQf5UI+9hsRwOKAsNZW8ec.3","action":"GetUpdates", "result":"DeleteReceived", "context":{"id":"7acbc142-6e81-4e16-83f7-502a24b2a363", "isDeleted:":"true", "version":"1723569169661"}}
{"logTime": "1006/053151", "correlationVector":"yQf5UI+9hsRwOKAsNZW8ec.4","action":"GetUpdates", "result":"DeleteReceived", "context":{"id":"bcfacf1f-7e73-4ea0-ae70-4d7f42d50551", "isDeleted:":"true", "version":"1723569169662"}}
{"logTime": "1006/053151", "correlationVector":"yQf5UI+9hsRwOKAsNZW8ec.5","action":"GetUpdates", "result":"DeleteReceived", "context":{"id":"0b371fef-3754-4ea6-8b28-772166287251", "isDeleted:":"true", "version":"1723569169663"}}
{"logTime": "1006/053151", "correlationVector":"yQf5UI+9hsRwOKAsNZW8ec.6","action":"GetUpdates", "result":"DeleteReceived", "context":{"id":"71edfdef-a508-4908-bdc2-ddf38966558f", "isDeleted:":"true", "version":"1723569169664"}}
{"logTime": "1006/053151", "correlationVector":"yQf5UI+9hsRwOKAsNZW8ec.7","action":"GetUpdates", "result":"DeleteReceived", "context":{"id":"3017cb35-0325-477e-b83a-2b625ac16b1d", "isDeleted:":"true", "version":"1723570931670"}}
{"logTime": "1006/053151", "correlationVector":"yQf5UI+9hsRwOKAsNZW8ec.8","action":"GetUpdates", "result":"DeleteReceived", "context":{"id":"5d0f6c97-bebd-44bd-9eb3-36d46d05dd99", "isDeleted:":"true", "version":"1723572105144"}}
{"logTime": "1006/053151", "correlationVector":"yQf5UI+9hsRwOKAsNZW8ec.9","action":"GetUpdates", "result":"DeleteReceived", "context":{"id":"31b6df77-eef9-46f9-afc2-e495347d3460", "isDeleted:":"true", "version":"1723572105145"}}
{"logTime": "1006/053151", "correlationVector":"yQf5UI+9hsRwOKAsNZW8ec.10","action":"GetUpdates", "result":"DeleteReceived", "context":{"id":"4ed90b5f-0ad1-4220-a5ff-88c44b95029e", "isDeleted:":"true", "version":"1723572105147"}}
{"logTime": "1006/053151", "correlationVector":"yQf5UI+9hsRwOKAsNZW8ec.11","action":"GetUpdates", "result":"DeleteReceived", "context":{"id":"3670bfff-a733-4847-a6f7-566fdf9249ad", "isDeleted:":"true", "version":"1723572105148"}}
{"logTime": "1006/053151", "correlationVector":"yQf5UI+9hsRwOKAsNZW8ec.12","action":"GetUpdates", "result":"DeleteReceived", "context":{"id":"f17c2e92-e67d-4dec-b9a9-c8a69c07c2f3", "isDeleted:":"true", "version":"1723572920648"}}
{"logTime": "1006/053151", "correlationVector":"yQf5UI+9hsRwOKAsNZW8ec.13","action":"GetUpdates", "result":"DeleteReceived", "context":{"id":"c10e6d3c-b81c-4c02-b0e9-beabb951ab98", "isDeleted:":"true", "version":"1723573032839"}}
{"logTime": "1006/053151", "correlationVector":"yQf5UI+9hsRwOKAsNZW8ec.14","action":"GetUpdates", "result":"DeleteReceived", "context":{"id":"531ce327-91a8-4933-a5ee-1c2ad668ecd0", "isDeleted:":"true", "version":"1723573032840"}}
{"logTime": "1006/053151", "correlationVector":"yQf5UI+9hsRwOKAsNZW8ec.15","action":"GetUpdates", "result":"DeleteReceived", "context":{"id":"07a24002-f72f-4699-8d21-5111010812f5", "isDeleted:":"true", "version":"1723574240829"}}
{"logTime": "1006/053151", "correlationVector":"yQf5UI+9hsRwOKAsNZW8ec.16","action":"GetUpdates", "result":"DeleteReceived", "context":{"id":"fb35a7c4-f22a-4daf-aaf8-8ff686c050c0", "isDeleted:":"true", "version":"1723574240831"}}
{"logTime": "1006/053151", "correlationVector":"yQf5UI+9hsRwOKAsNZW8ec.17","action":"GetUpdates", "result":"DeleteReceived", "context":{"id":"4e8e574f-e6fd-4e0f-beb3-7be82fb37428", "isDeleted:":"true", "version":"1723574240832"}}
{"logTime": "1006/053151", "correlationVector":"yQf5UI+9hsRwOKAsNZW8ec.18","action":"GetUpdates", "result":"DeleteReceived", "context":{"id":"df29b2f2-5260-4ada-9a19-93662bcbd348", "isDeleted:":"true", "version":"1723574575849"}}
{"logTime": "1006/053151", "correlationVector":"yQf5UI+9hsRwOKAsNZW8ec.19","action":"GetUpdates", "result":"DeleteReceived", "context":{"id":"06ff01ef-8702-4384-8498-322633af16b4", "isDeleted:":"true", "version":"1723574575850"}}
{"logTime": "1006/053151", "correlationVector":"yQf5UI+9hsRwOKAsNZW8ec.20","action":"GetUpdates", "result":"DeleteReceived", "context":{"id":"a5ec6f5b-629d-44ac-a744-1d17b50413c0", "isDeleted:":"true", "version":"1723574575852"}}
{"logTime": "1006/053151", "correlationVector":"yQf5UI+9hsRwOKAsNZW8ec.21","action":"GetUpdates", "result":"DeleteReceived", "context":{"id":"f073f898-43c8-4d30-93a2-a16c601cc862", "isDeleted:":"true", "version":"1723574575853"}}
{"logTime": "1006/053151", "correlationVector":"yQf5UI+9hsRwOKAsNZW8ec.22","action":"GetUpdates", "result":"DeleteReceived", "context":{"id":"f84db3c4-0ca4-4103-8fef-9be926672328", "isDeleted:":"true", "version":"1723575059466"}}
{"logTime": "1006/053151", "correlationVector":"yQf5UI+9hsRwOKAsNZW8ec.23","action":"GetUpdates", "result":"DeleteReceived", "context":{"id":"44db70ae-6470-446e-9e49-ba3a86faaa73", "isDeleted:":"true", "version":"1723575059467"}}
{"logTime": "1006/053151", "correlationVector":"yQf5UI+9hsRwOKAsNZW8ec.24","action":"GetUpdates", "result":"DeleteReceived", "context":{"id":"ad6596a2-a2c9-4495-8828-07a7911f7715", "isDeleted:":"true", "version":"1723597442489"}}
{"logTime": "1006/053151", "correlationVector":"yQf5UI+9hsRwOKAsNZW8ec.25","action":"GetUpdates", "result":"DeleteReceived", "context":{"id":"465528c1-6c55-4372-bdb2-b2b99a0c324c", "isDeleted:":"true", "version":"1723597442490"}}
{"logTime": "1006/053151", "correlationVector":"yQf5UI+9hsRwOKAsNZW8ec.26","action":"GetUpdates", "result":"DeleteReceived", "context":{"id":"406916a0-5d59-43cc-ad1c-046dfcebd79d", "isDeleted:":"true", "version":"1723599343215"}}
{"logTime": "1006/053151", "correlationVector":"yQf5UI+9hsRwOKAsNZW8ec.27","action":"GetUpdates", "result":"DeleteReceived", "context":{"id":"e035aaca-357e-4bf5-a3ca-27efc2f773c3", "isDeleted:":"true", "version":"1723599343218"}}
{"logTime": "1006/053151", "correlationVector":"yQf5UI+9hsRwOKAsNZW8ec.28","action":"GetUpdates", "result":"DeleteReceived", "context":{"id":"da226628-c720-4b7f-bafa-f9168c2e2eda", "isDeleted:":"true", "version":"1723599374485"}}
{"logTime": "1006/053151", "correlationVector":"yQf5UI+9hsRwOKAsNZW8ec.29","action":"GetUpdates", "result":"DeleteReceived", "context":{"id":"5a0bdaa3-226b-4daf-b05e-eda6b6cdd93f", "isDeleted:":"true", "version":"1723599374486"}}
{"logTime": "1006/053151", "correlationVector":"yQf5UI+9hsRwOKAsNZW8ec.30","action":"GetUpdates", "result":"DeleteReceived", "context":{"id":"ea8b969a-6234-44ab-a150-d9224f1c7f91", "isDeleted:":"true", "version":"1723599700754"}}
{"logTime": "1006/053151", "correlationVector":"yQf5UI+9hsRwOKAsNZW8ec.31","action":"GetUpdates", "result":"DeleteReceived", "context":{"id":"f4fa71d2-8513-4587-867c-0f7287f0e42d", "isDeleted:":"true", "version":"1723599700755"}}
{"logTime": "1006/053151", "correlationVector":"yQf5UI+9hsRwOKAsNZW8ec.32","action":"GetUpdates", "result":"DeleteReceived", "context":{"id":"f241fbb0-a025-46ab-bef9-7c13c7ae6af0", "isDeleted:":"true", "version":"1723602080534"}}
{"logTime": "1006/053151", "correlationVector":"yQf5UI+9hsRwOKAsNZW8ec.33","action":"GetUpdates", "result":"DeleteReceived", "context":{"id":"7cbcc083-5c39-4253-adee-141bdffb60a9", "isDeleted:":"true", "version":"1723602586064"}}
{"logTime": "1006/053151", "correlationVector":"yQf5UI+9hsRwOKAsNZW8ec.34","action":"GetUpdates", "result":"DeleteReceived", "context":{"id":"937c564c-ac99-4a8a-9b5b-cd0b7ad5bf5d", "isDeleted:":"true", "version":"1723602586065"}}
{"logTime": "1006/053151", "correlationVector":"yQf5UI+9hsRwOKAsNZW8ec.35","action":"GetUpdates", "result":"DeleteReceived", "context":{"id":"3901ec81-0d5a-4c30-a57e-ea2b3707f9be", "isDeleted:":"true", "version":"1723602586067"}}
{"logTime": "1006/053151", "correlationVector":"yQf5UI+9hsRwOKAsNZW8ec.36","action":"GetUpdates", "result":"DeleteReceived", "context":{"id":"5bf827b5-cb48-47f7-a028-183083268595", "isDeleted:":"true", "version":"1723606494910"}}
{"logTime": "1006/053151", "correlationVector":"yQf5UI+9hsRwOKAsNZW8ec.37","action":"GetUpdates", "result":"DeleteReceived", "context":{"id":"016fdc70-c5d1-41be-a25f-bec3a7b9124d", "isDeleted:":"true", "version":"1723607663326"}}
{"logTime": "1006/053151", "correlationVector":"yQf5UI+9hsRwOKAsNZW8ec.38","action":"GetUpdates", "result":"DeleteReceived", "context":{"id":"e0bd073c-6c8c-494b-8854-c49b4daad30a", "isDeleted:":"true", "version":"1723610541290"}}
{"logTime": "1006/053151", "correlationVector":"yQf5UI+9hsRwOKAsNZW8ec.39","action":"GetUpdates", "result":"DeleteReceived", "context":{"id":"6d7f4f26-285b-423c-ab5c-2ba3fd5ff140", "isDeleted:":"true", "version":"1723611831195"}}
{"logTime": "1006/053151", "correlationVector":"yQf5UI+9hsRwOKAsNZW8ec.40","action":"GetUpdates", "result":"DeleteReceived", "context":{"id":"83e24aaa-85a1-490b-a7ab-ff0dec911d3d", "isDeleted:":"true", "version":"1723611864102"}}
{"logTime": "1006/053151", "correlationVector":"yQf5UI+9hsRwOKAsNZW8ec.41","action":"GetUpdates", "result":"DeleteReceived", "context":{"id":"f3ff5c87-8cdb-43c8-9d54-f2195d6d15ab", "isDeleted:":"true", "version":"1723612041040"}}
{"logTime": "1006/053151", "correlationVector":"yQf5UI+9hsRwOKAsNZW8ec.42","action":"GetUpdates", "result":"DeleteReceived", "context":{"id":"6c388d66-7788-4827-8d35-6f0c4daec588", "isDeleted:":"true", "version":"1723612550729"}}
{"logTime": "1006/053151", "correlationVector":"yQf5UI+9hsRwOKAsNZW8ec.43","action":"GetUpdates", "result":"DeleteReceived", "context":{"id":"fe807c8e-3393-4058-8eb1-32021039adcb", "isDeleted:":"true", "version":"1723612731092"}}
{"logTime": "1006/053151", "correlationVector":"yQf5UI+9hsRwOKAsNZW8ec.44","action":"GetUpdates", "result":"DeleteReceived", "context":{"id":"132ada14-1a78-4982-b9c4-5694cf7376bd", "isDeleted:":"true", "version":"1723612740674"}}
{"logTime": "1006/053151", "correlationVector":"yQf5UI+9hsRwOKAsNZW8ec.45","action":"GetUpdates", "result":"DeleteReceived", "context":{"id":"859a8fb4-83d8-4061-83bf-68078021f10b", "isDeleted:":"true", "version":"1723613656163"}}
{"logTime": "1006/053151", "correlationVector":"yQf5UI+9hsRwOKAsNZW8ec.46","action":"GetUpdates", "result":"DeleteReceived", "context":{"id":"660a02c9-4a59-4550-9786-580a53e9eee6", "isDeleted:":"true", "version":"1723614031337"}}
{"logTime": "1006/053151", "correlationVector":"yQf5UI+9hsRwOKAsNZW8ec.47","action":"GetUpdates", "result":"DeleteReceived", "context":{"id":"e258d470-db7c-4691-8329-d10ca9c0ce21", "isDeleted:":"true", "version":"1723614752944"}}
{"logTime": "1006/053151", "correlationVector":"yQf5UI+9hsRwOKAsNZW8ec.48","action":"GetUpdates", "result":"DeleteReceived", "context":{"id":"9212ce7d-8bba-4cb5-9609-c7c0cb1b723f", "isDeleted:":"true", "version":"1723614940263"}}
{"logTime": "1006/053151", "correlationVector":"yQf5UI+9hsRwOKAsNZW8ec.49","action":"GetUpdates", "result":"DeleteReceived", "context":{"id":"6624e2fc-e744-4590-879b-1a33b6b8c0ec", "isDeleted:":"true", "version":"1723615593887"}}
{"logTime": "1006/053151", "correlationVector":"yQf5UI+9hsRwOKAsNZW8ec.50","action":"GetUpdates", "result":"DeleteReceived", "context":{"id":"4ad0e49b-9760-43ef-844b-271c76b6ddd2", "isDeleted:":"true", "version":"1723615714045"}}
{"logTime": "1006/053151", "correlationVector":"yQf5UI+9hsRwOKAsNZW8ec.51","action":"GetUpdates", "result":"DeleteReceived", "context":{"id":"30de3e21-7b49-4b6b-84d4-aa6c0e187a03", "isDeleted:":"true", "version":"1723615714046"}}
{"logTime": "1006/053151", "correlationVector":"yQf5UI+9hsRwOKAsNZW8ec.52","action":"GetUpdates", "result":"DeleteReceived", "context":{"id":"959fa01a-db87-423e-acff-bc514af297cb", "isDeleted:":"true", "version":"1723615714047"}}
{"logTime": "1006/053151", "correlationVector":"yQf5UI+9hsRwOKAsNZW8ec.53","action":"GetUpdates", "result":"DeleteReceived", "context":{"id":"559b091c-bfee-4e2b-b3eb-617e2415a548", "isDeleted:":"true", "version":"1723615714048"}}
{"logTime": "1006/053151", "correlationVector":"yQf5UI+9hsRwOKAsNZW8ec.54","action":"GetUpdates", "result":"DeleteReceived", "context":{"id":"3c86098a-09fe-4c16-ac87-73c29bad7e2e", "isDeleted:":"true", "version":"1723615714049"}}
{"logTime": "1006/053151", "correlationVector":"yQf5UI+9hsRwOKAsNZW8ec.55","action":"GetUpdates", "result":"DeleteReceived", "context":{"id":"23c9aa5a-890b-4c85-90ef-271ba2cbdd1a", "isDeleted:":"true", "version":"1723619163706"}}
{"logTime": "1006/053151", "correlationVector":"yQf5UI+9hsRwOKAsNZW8ec.56","action":"GetUpdates", "result":"DeleteReceived", "context":{"id":"8456885e-748c-47bd-ba18-c08870a58244", "isDeleted:":"true", "version":"1723619163707"}}
{"logTime": "1006/053151", "correlationVector":"yQf5UI+9hsRwOKAsNZW8ec.57","action":"GetUpdates", "result":"DeleteReceived", "context":{"id":"8520a962-672d-4e1e-b797-fb194dff00c1", "isDeleted:":"true", "version":"1723619163709"}}
{"logTime": "1006/053151", "correlationVector":"yQf5UI+9hsRwOKAsNZW8ec.58","action":"GetUpdates", "result":"DeleteReceived", "context":{"id":"efd8b754-92cd-48e2-8501-7d32c4a95665", "isDeleted:":"true", "version":"1723619163711"}}
{"logTime": "1006/053151", "correlationVector":"yQf5UI+9hsRwOKAsNZW8ec.59","action":"GetUpdates", "result":"DeleteReceived", "context":{"id":"e3a53ac0-2c12-4854-8e0c-e9a49528a507", "isDeleted:":"true", "version":"1723619163713"}}
{"logTime": "1006/053151", "correlationVector":"yQf5UI+9hsRwOKAsNZW8ec.60","action":"GetUpdates", "result":"DeleteReceived", "context":{"id":"8930e739-6bab-4ff7-aea7-49d878f6ee60", "isDeleted:":"true", "version":"1723619197931"}}
{"logTime": "1006/053151", "correlationVector":"yQf5UI+9hsRwOKAsNZW8ec.61","action":"GetUpdates", "result":"DeleteReceived", "context":{"id":"bd622635-4094-4c70-bc00-afa892910d64", "isDeleted:":"true", "version":"1723619259461"}}
{"logTime": "1006/053151", "correlationVector":"yQf5UI+9hsRwOKAsNZW8ec.62","action":"GetUpdates", "result":"DeleteReceived", "context":{"id":"0c3bb9b6-f3bd-4433-a144-e36521f8eeca", "isDeleted:":"true", "version":"1723619259463"}}
{"logTime": "1006/053151", "correlationVector":"yQf5UI+9hsRwOKAsNZW8ec.63","action":"GetUpdates", "result":"DeleteReceived", "context":{"id":"80041517-0e18-438d-b690-bc8786d250c7", "isDeleted:":"true", "version":"1723619259464"}}
{"logTime": "1006/053151", "correlationVector":"yQf5UI+9hsRwOKAsNZW8ec.64","action":"GetUpdates", "result":"DeleteReceived", "context":{"id":"af882545-0de5-4f57-8a3c-7a7c23656f82", "isDeleted:":"true", "version":"1724083096645"}}
{"logTime": "1006/053151", "correlationVector":"yQf5UI+9hsRwOKAsNZW8ec.65","action":"GetUpdates", "result":"DeleteReceived", "context":{"id":"dc3ea13d-6e83-4731-b0b7-c48b446c9058", "isDeleted:":"true", "version":"1724228953888"}}
{"logTime": "1006/053151", "correlationVector":"yQf5UI+9hsRwOKAsNZW8ec.66","action":"GetUpdates", "result":"DeleteReceived", "context":{"id":"f73044c9-94bd-4e6b-959e-3485c85eeff6", "isDeleted:":"true", "version":"1724229152942"}}
{"logTime": "1006/053151", "correlationVector":"yQf5UI+9hsRwOKAsNZW8ec.67","action":"GetUpdates", "result":"DeleteReceived", "context":{"id":"ef165a2b-69f2-4d0c-ae6b-2706808dd7fb", "isDeleted:":"true", "version":"1724229761810"}}
{"logTime": "1006/053151", "correlationVector":"yQf5UI+9hsRwOKAsNZW8ec.68","action":"GetUpdates", "result":"DeleteReceived", "context":{"id":"0a2fa14b-a565-4907-be91-1be5577f8687", "isDeleted:":"true", "version":"1724230025344"}}
{"logTime": "1006/053151", "correlationVector":"yQf5UI+9hsRwOKAsNZW8ec.69","action":"GetUpdates", "result":"DeleteReceived", "context":{"id":"33e98b04-c69c-40e9-8017-751e08b31088", "isDeleted:":"true", "version":"1724230025345"}}
{"logTime": "1006/053151", "correlationVector":"yQf5UI+9hsRwOKAsNZW8ec.70","action":"GetUpdates", "result":"DeleteReceived", "context":{"id":"984f82b5-0c57-4ab1-93e1-81899cece432", "isDeleted:":"true", "version":"1724230526859"}}
{"logTime": "1006/053151", "correlationVector":"yQf5UI+9hsRwOKAsNZW8ec.71","action":"GetUpdates", "result":"DeleteReceived", "context":{"id":"aaff1267-5d91-4c55-b9b6-3d0b515620a1", "isDeleted:":"true", "version":"1724232404124"}}
{"logTime": "1006/053151", "correlationVector":"yQf5UI+9hsRwOKAsNZW8ec.72","action":"GetUpdates", "result":"DeleteReceived", "context":{"id":"4112b61a-85fa-4188-a5f5-08dbaba3baa6", "isDeleted:":"true", "version":"1724233147986"}}
{"logTime": "1006/053151", "correlationVector":"yQf5UI+9hsRwOKAsNZW8ec.73","action":"GetUpdates", "result":"DeleteReceived", "context":{"id":"b589dcb0-9d66-4ce1-94fc-571d1bb522e6", "isDeleted:":"true", "version":"1724234204326"}}
{"logTime": "1006/053151", "correlationVector":"yQf5UI+9hsRwOKAsNZW8ec.74","action":"GetUpdates", "result":"DeleteReceived", "context":{"id":"f5fb4b00-80db-4230-b0e0-9eead240fd0b", "isDeleted:":"true", "version":"1724234438100"}}
{"logTime": "1006/053151", "correlationVector":"yQf5UI+9hsRwOKAsNZW8ec.75","action":"GetUpdates", "result":"DeleteReceived", "context":{"id":"62b0a84c-dc46-4b0b-87fa-10b0c51c152f", "isDeleted:":"true", "version":"1724240145671"}}
{"logTime": "1006/053151", "correlationVector":"yQf5UI+9hsRwOKAsNZW8ec.76","action":"GetUpdates", "result":"DeleteReceived", "context":{"id":"40594197-d46b-44c3-876a-a06dfaa84a1e", "isDeleted:":"true", "version":"1724314899691"}}
{"logTime": "1006/053151", "correlationVector":"yQf5UI+9hsRwOKAsNZW8ec.77","action":"GetUpdates", "result":"DeleteReceived", "context":{"id":"e3e26278-a000-4833-98a0-400c19829300", "isDeleted:":"true", "version":"1724314899692"}}
{"logTime": "1006/053151", "correlationVector":"yQf5UI+9hsRwOKAsNZW8ec.78","action":"GetUpdates", "result":"DeleteReceived", "context":{"id":"cbcf80c4-4daf-40c5-a5cd-3efecf8f3989", "isDeleted:":"true", "version":"1724314899693"}}
{"logTime": "1006/053151", "correlationVector":"yQf5UI+9hsRwOKAsNZW8ec.79","action":"GetUpdates", "result":"DeleteReceived", "context":{"id":"0505667b-0288-42ab-a6e9-1e4560c782fc", "isDeleted:":"true", "version":"1724314899694"}}
{"logTime": "1006/053151", "correlationVector":"yQf5UI+9hsRwOKAsNZW8ec.80","action":"GetUpdates", "result":"DeleteReceived", "context":{"id":"1e483f0c-8b51-47a0-8c91-a25e54045a4a", "isDeleted:":"true", "version":"1724314899695"}}
{"logTime": "1006/053151", "correlationVector":"yQf5UI+9hsRwOKAsNZW8ec.81","action":"GetUpdates", "result":"DeleteReceived", "context":{"id":"93338e04-80f7-4081-8e2a-2bf4d8df732f", "isDeleted:":"true", "version":"1724314899696"}}
{"logTime": "1006/053151", "correlationVector":"yQf5UI+9hsRwOKAsNZW8ec.82","action":"GetUpdates", "result":"DeleteReceived", "context":{"id":"8b50f702-2813-4c2f-9f23-3e13b8842adc", "isDeleted:":"true", "version":"1724314899697"}}
{"logTime": "1006/053151", "correlationVector":"yQf5UI+9hsRwOKAsNZW8ec.83","action":"GetUpdates", "result":"DeleteReceived", "context":{"id":"71d5ee33-c966-48e4-99a5-6a6474cee6bd", "isDeleted:":"true", "version":"1724421146826"}}
{"logTime": "1006/053151", "correlationVector":"yQf5UI+9hsRwOKAsNZW8ec.84","action":"GetUpdates", "result":"DeleteReceived", "context":{"id":"9b779594-79e8-48ed-87ba-0b311d5d98e9", "isDeleted:":"true", "version":"1724558545817"}}
{"logTime": "1006/053151", "correlationVector":"yQf5UI+9hsRwOKAsNZW8ec.85","action":"GetUpdates", "result":"DeleteReceived", "context":{"id":"5aab3915-6b9e-4778-9625-12e955d6cd76", "isDeleted:":"true", "version":"1724590806606"}}
{"logTime": "1006/053151", "correlationVector":"yQf5UI+9hsRwOKAsNZW8ec.86","action":"GetUpdates", "result":"DeleteReceived", "context":{"id":"1344cead-700f-411e-a6b9-cf80af167a5c", "isDeleted:":"true", "version":"1724590806607"}}
{"logTime": "1006/053151", "correlationVector":"yQf5UI+9hsRwOKAsNZW8ec.87","action":"GetUpdates", "result":"DeleteReceived", "context":{"id":"a2d68ee4-43c9-42f9-b928-8e9d4900174f", "isDeleted:":"true", "version":"1724590806609"}}
{"logTime": "1006/053151", "correlationVector":"yQf5UI+9hsRwOKAsNZW8ec.88","action":"GetUpdates", "result":"DeleteReceived", "context":{"id":"09ddb70b-69f7-48dc-992b-c0cc24c38289", "isDeleted:":"true", "version":"1724725426047"}}
{"logTime": "1006/053151", "correlationVector":"yQf5UI+9hsRwOKAsNZW8ec.89","action":"GetUpdates", "result":"DeleteReceived", "context":{"id":"f11fe71c-ebc9-4f6f-9887-c99e69c19ef1", "isDeleted:":"true", "version":"1725326635706"}}
{"logTime": "1006/053151", "correlationVector":"yQf5UI+9hsRwOKAsNZW8ec.90","action":"GetUpdates", "result":"DeleteReceived", "context":{"id":"63fb7633-49dd-40d2-86e4-249db56a2a58", "isDeleted:":"true", "version":"1725599002012"}}
{"logTime": "1006/053151", "correlationVector":"yQf5UI+9hsRwOKAsNZW8ec.91","action":"GetUpdates", "result":"DeleteReceived", "context":{"id":"a7558aba-511f-4cf4-9bae-771297abcd71", "isDeleted:":"true", "version":"1725620875870"}}
{"logTime": "1006/053151", "correlationVector":"yQf5UI+9hsRwOKAsNZW8ec.92","action":"GetUpdates", "result":"DeleteReceived", "context":{"id":"2a97ba5f-8fc5-4ea9-8231-5f7ebc85b653", "isDeleted:":"true", "version":"1725620875871"}}
{"logTime": "1006/053151", "correlationVector":"yQf5UI+9hsRwOKAsNZW8ec.93","action":"GetUpdates", "result":"DeleteReceived", "context":{"id":"7c93a842-504e-4994-9ecb-7d29d23a596d", "isDeleted:":"true", "version":"1725620875872"}}
{"logTime": "1006/053151", "correlationVector":"yQf5UI+9hsRwOKAsNZW8ec.94","action":"GetUpdates", "result":"DeleteReceived", "context":{"id":"dc24a190-8bb3-40a3-8771-f9a6a81d0f6d", "isDeleted:":"true", "version":"1725620875874"}}
{"logTime": "1006/053151", "correlationVector":"yQf5UI+9hsRwOKAsNZW8ec.95","action":"GetUpdates", "result":"DeleteReceived", "context":{"id":"064214e8-ccee-4c32-9de7-c48042ac7fac", "isDeleted:":"true", "version":"1725620875875"}}
{"logTime": "1006/053151", "correlationVector":"yQf5UI+9hsRwOKAsNZW8ec.96","action":"GetUpdates", "result":"DeleteReceived", "context":{"id":"2c8bb94d-79a8-4ae7-a049-4387d758e6f5", "isDeleted:":"true", "version":"1725625945723"}}
{"logTime": "1006/053151", "correlationVector":"yQf5UI+9hsRwOKAsNZW8ec.97","action":"GetUpdates", "result":"DeleteReceived", "context":{"id":"1678fa10-0eb3-40ff-9296-a5f80fb5bcb3", "isDeleted:":"true", "version":"1725700254111"}}
{"logTime": "1006/053151", "correlationVector":"yQf5UI+9hsRwOKAsNZW8ec.98","action":"GetUpdates", "result":"DeleteReceived", "context":{"id":"7419d4f8-2979-4e0a-a217-371b7c09d88d", "isDeleted:":"true", "version":"1725702678312"}}
{"logTime": "1006/053151", "correlationVector":"yQf5UI+9hsRwOKAsNZW8ec.99","action":"GetUpdates", "result":"DeleteReceived", "context":{"id":"db96b89d-c820-4b75-8ee5-f8f7bb5a56ea", "isDeleted:":"true", "version":"1725702678313"}}
{"logTime": "1006/053151", "correlationVector":"yQf5UI+9hsRwOKAsNZW8ec.100","action":"GetUpdates", "result":"DeleteReceived", "context":{"id":"d1f80f5d-46be-4dc8-b163-202dbbeccaec", "isDeleted:":"true", "version":"1725702678314"}}
{"logTime": "1006/053151", "correlationVector":"yQf5UI+9hsRwOKAsNZW8ec.101","action":"GetUpdates", "result":"DeleteReceived", "context":{"id":"01ac6994-a1bb-4e1c-a2a8-f7333cdadd93", "isDeleted:":"true", "version":"1725702678315"}}
{"logTime": "1006/053151", "correlationVector":"yQf5UI+9hsRwOKAsNZW8ec.102","action":"GetUpdates", "result":"DeleteReceived", "context":{"id":"e7292a17-db7c-4fc7-80d6-4cad4f6714dd", "isDeleted:":"true", "version":"1725702678316"}}
{"logTime": "1006/053151", "correlationVector":"yQf5UI+9hsRwOKAsNZW8ec.103","action":"GetUpdates", "result":"DeleteReceived", "context":{"id":"0f217e04-5b90-4b57-ac7e-d9d7e9891a9d", "isDeleted:":"true", "version":"1725715151820"}}
{"logTime": "1006/053151", "correlationVector":"yQf5UI+9hsRwOKAsNZW8ec.104","action":"GetUpdates", "result":"DeleteReceived", "context":{"id":"fa783afa-e08e-4426-99b4-a1fcca5851da", "isDeleted:":"true", "version":"1726065367456"}}
{"logTime": "1006/053151", "correlationVector":"yQf5UI+9hsRwOKAsNZW8ec.105","action":"GetUpdates", "result":"DeleteReceived", "context":{"id":"acd44358-97b6-48d3-855e-6ec85f9ff86b", "isDeleted:":"true", "version":"1726065367457"}}
{"logTime": "1006/053151", "correlationVector":"yQf5UI+9hsRwOKAsNZW8ec.106","action":"GetUpdates", "result":"DeleteReceived", "context":{"id":"04737415-a76c-441f-8cc5-d30c12fd29fc", "isDeleted:":"true", "version":"1726065496988"}}
{"logTime": "1006/053151", "correlationVector":"yQf5UI+9hsRwOKAsNZW8ec.107","action":"GetUpdates", "result":"DeleteReceived", "context":{"id":"78112584-d4fb-4c78-a685-64ff6eeea86c", "isDeleted:":"true", "version":"1726389157530"}}
{"logTime": "1006/053151", "correlationVector":"yQf5UI+9hsRwOKAsNZW8ec.108","action":"GetUpdates", "result":"DeleteReceived", "context":{"id":"fd7a0f57-760d-4d04-9fdb-7a685e0f430b", "isDeleted:":"true", "version":"1726969040323"}}
{"logTime": "1006/053151", "correlationVector":"yQf5UI+9hsRwOKAsNZW8ec.109","action":"GetUpdates", "result":"DeleteReceived", "context":{"id":"8c1f681b-c3b3-4ecb-a266-5f386df49194", "isDeleted:":"true", "version":"1726969040324"}}
{"logTime": "1006/053151", "correlationVector":"yQf5UI+9hsRwOKAsNZW8ec.110","action":"GetUpdates", "result":"DeleteReceived", "context":{"id":"50dda18e-35b1-4252-9ff8-6d76760b76de", "isDeleted:":"true", "version":"1726969040325"}}
{"logTime": "1006/053151", "correlationVector":"yQf5UI+9hsRwOKAsNZW8ec.111","action":"GetUpdates", "result":"DeleteReceived", "context":{"id":"7d020dcc-a892-4824-adfc-21baf58f0eac", "isDeleted:":"true", "version":"1726999739204"}}
{"logTime": "1006/053151", "correlationVector":"yQf5UI+9hsRwOKAsNZW8ec.112","action":"GetUpdates", "result":"DeleteReceived", "context":{"id":"2a0d16cc-b666-4d97-8e0c-a8b6bd72a12b", "isDeleted:":"true", "version":"1726999739205"}}
{"logTime": "1006/053151", "correlationVector":"yQf5UI+9hsRwOKAsNZW8ec.113","action":"GetUpdates", "result":"DeleteReceived", "context":{"id":"1ab4c5da-2dcf-4198-a8d8-47b5198bf1b2", "isDeleted:":"true", "version":"1727020748563"}}
{"logTime": "1006/053151", "correlationVector":"yQf5UI+9hsRwOKAsNZW8ec.114","action":"GetUpdates", "result":"DeleteReceived", "context":{"id":"90e86667-050f-4e08-be45-9d8322361ab1", "isDeleted:":"true", "version":"1727065702858"}}
{"logTime": "1006/053151", "correlationVector":"yQf5UI+9hsRwOKAsNZW8ec.115","action":"GetUpdates", "result":"DeleteReceived", "context":{"id":"5cf272dd-5a89-490c-91e4-b59df4a5bd77", "isDeleted:":"true", "version":"1727068490133"}}
{"logTime": "1006/053151", "correlationVector":"yQf5UI+9hsRwOKAsNZW8ec.116","action":"GetUpdates", "result":"DeleteReceived", "context":{"id":"a8467db0-1c39-40a5-8b9d-8f547e801e87", "isDeleted:":"true", "version":"1727080118756"}}
{"logTime": "1006/053151", "correlationVector":"yQf5UI+9hsRwOKAsNZW8ec.117","action":"GetUpdates", "result":"DeleteReceived", "context":{"id":"c66b92af-e5e2-42b4-83ca-b4ad23799b3a", "isDeleted:":"true", "version":"1727099900998"}}
{"logTime": "1006/053151", "correlationVector":"yQf5UI+9hsRwOKAsNZW8ec.118","action":"GetUpdates", "result":"DeleteReceived", "context":{"id":"99558f17-a088-47c2-9241-004746ce3b2e", "isDeleted:":"true", "version":"1727171062040"}}
{"logTime": "1006/053151", "correlationVector":"yQf5UI+9hsRwOKAsNZW8ec.119","action":"GetUpdates", "result":"DeleteReceived", "context":{"id":"342cf9a7-7de4-4969-88f3-e086145dbb54", "isDeleted:":"true", "version":"1727367558944"}}
{"logTime": "1006/053151", "correlationVector":"yQf5UI+9hsRwOKAsNZW8ec.120","action":"GetUpdates", "result":"DeleteReceived", "context":{"id":"1fa59ce5-1746-4530-ae9e-976d6a28b809", "isDeleted:":"true", "version":"1727367558945"}}
{"logTime": "1006/053151", "correlationVector":"yQf5UI+9hsRwOKAsNZW8ec.121","action":"GetUpdates", "result":"DeleteReceived", "context":{"id":"2dceab34-b990-4972-be05-94fefb827233", "isDeleted:":"true", "version":"1727460836696"}}
{"logTime": "1006/053151", "correlationVector":"yQf5UI+9hsRwOKAsNZW8ec.122","action":"GetUpdates", "result":"DeleteReceived", "context":{"id":"f464453f-c910-4a97-ae65-1eb6db32563f", "isDeleted:":"true", "version":"1727868366719"}}
{"logTime": "1006/053151", "correlationVector":"yQf5UI+9hsRwOKAsNZW8ec.123","action":"GetUpdates", "result":"DeleteReceived", "context":{"id":"0aa0dd0d-9916-4682-b188-c6478408c304", "isDeleted:":"true", "version":"1724421146828"}}
{"logTime": "1006/053151", "correlationVector":"yQf5UI+9hsRwOKAsNZW8ec.124","action":"GetUpdates", "result":"DeleteReceived", "context":{"id":"13a8f6d5-37aa-4114-b100-148118f79b04", "isDeleted:":"true", "version":"1724421146829"}}
{"logTime": "1006/053151", "correlationVector":"yQf5UI+9hsRwOKAsNZW8ec.125","action":"GetUpdates Response", "result":"Success", "context":Received 250 update(s). cV=yQf5UI+9hsRwOKAsNZW8ec.0;server=GENERAL03000002;cloudType=Consumer;environment=Prod_SoutheastAsia_000j;migrationStage=NotStarted Some updates remain.}
{"logTime": "1006/053151", "correlationVector":"2iNS+EDX2TMo3RyI1i6dhl","action":"Initial GetUpdates", "result":"", "context":Reason: NEWLY_SUPPORTED_DATATYPE. cV=2iNS+EDX2TMo3RyI1i6dhl}
{"logTime": "1006/053151", "correlationVector":"2iNS+EDX2TMo3RyI1i6dhl.1","action":"SyncServerConnectionManagerRequest", "result":"SYNC_SERVER_OK", "context":{"environment":"Prod_SoutheastAsia_000j", "migrationStage":"NotStarted", "server":"GENERAL03000002"}}
{"logTime": "1006/053151", "correlationVector":"2iNS+EDX2TMo3RyI1i6dhl.2","action":"GetUpdates", "result":"DeleteReceived", "context":{"id":"54f1f005-7897-4951-9515-0bd535d251be", "isDeleted:":"true", "version":"1728017729418"}}
{"logTime": "1006/053151", "correlationVector":"2iNS+EDX2TMo3RyI1i6dhl.3","action":"GetUpdates", "result":"DeleteReceived", "context":{"id":"a5982433-2783-4992-b9c5-ddec17ed2a4d", "isDeleted:":"true", "version":"1728017921658"}}
{"logTime": "1006/053151", "correlationVector":"2iNS+EDX2TMo3RyI1i6dhl.4","action":"GetUpdates", "result":"DeleteReceived", "context":{"id":"9f02c9e0-090a-404a-b582-f8a04273ede2", "isDeleted:":"true", "version":"1728018037975"}}
{"logTime": "1006/053151", "correlationVector":"2iNS+EDX2TMo3RyI1i6dhl.5","action":"GetUpdates", "result":"DeleteReceived", "context":{"id":"987e2e4d-0500-4629-ba01-a4290c262da5", "isDeleted:":"true", "version":"1728018907381"}}
{"logTime": "1006/053151", "correlationVector":"2iNS+EDX2TMo3RyI1i6dhl.6","action":"GetUpdates", "result":"DeleteReceived", "context":{"id":"bd5cf6d0-9691-46dc-a47e-5bcd40f89dd5", "isDeleted:":"true", "version":"1728024278857"}}
{"logTime": "1006/053151", "correlationVector":"2iNS+EDX2TMo3RyI1i6dhl.7","action":"GetUpdates", "result":"DeleteReceived", "context":{"id":"2ec4f65c-0e15-4646-8232-9c46cd106582", "isDeleted:":"true", "version":"1728028609928"}}
{"logTime": "1006/053151", "correlationVector":"2iNS+EDX2TMo3RyI1i6dhl.8","action":"GetUpdates", "result":"DeleteReceived", "context":{"id":"a87b2f58-bd83-424d-9ba7-82c4891b084d", "isDeleted:":"true", "version":"1728029370753"}}
{"logTime": "1006/053151", "correlationVector":"2iNS+EDX2TMo3RyI1i6dhl.9","action":"GetUpdates", "result":"DeleteReceived", "context":{"id":"90f3abf9-9f34-48e6-af04-11aee58bd95f", "isDeleted:":"true", "version":"1728029370754"}}
{"logTime": "1006/053151", "correlationVector":"2iNS+EDX2TMo3RyI1i6dhl.10","action":"GetUpdates", "result":"DeleteReceived", "context":{"id":"8f7e0275-b7cb-49d1-bf83-b2b3a54d9a8b", "isDeleted:":"true", "version":"1728029641284"}}
{"logTime": "1006/053151", "correlationVector":"2iNS+EDX2TMo3RyI1i6dhl.11","action":"GetUpdates", "result":"DeleteReceived", "context":{"id":"5e79c06b-339d-4512-8827-07b0fe596057", "isDeleted:":"true", "version":"1728034260723"}}
{"logTime": "1006/053151", "correlationVector":"2iNS+EDX2TMo3RyI1i6dhl.12","action":"GetUpdates", "result":"DeleteReceived", "context":{"id":"9dd6396f-7031-40bc-82a6-59d484d7ba1f", "isDeleted:":"true", "version":"1728048070819"}}
{"logTime": "1006/053151", "correlationVector":"2iNS+EDX2TMo3RyI1i6dhl.13","action":"GetUpdates", "result":"DeleteReceived", "context":{"id":"46820384-140d-4ebd-9378-2b375142ed61", "isDeleted:":"true", "version":"1728048070821"}}
{"logTime": "1006/053151", "correlationVector":"2iNS+EDX2TMo3RyI1i6dhl.14","action":"GetUpdates", "result":"DeleteReceived", "context":{"id":"e142291c-eaa4-4a44-ac58-796e30eab1b3", "isDeleted:":"true", "version":"1728048228869"}}
{"logTime": "1006/053151", "correlationVector":"2iNS+EDX2TMo3RyI1i6dhl.15","action":"GetUpdates", "result":"DeleteReceived", "context":{"id":"f442e3bd-56ea-414a-b28c-d2d6778ef094", "isDeleted:":"true", "version":"1728049840976"}}
{"logTime": "1006/053151", "correlationVector":"2iNS+EDX2TMo3RyI1i6dhl.16","action":"GetUpdates", "result":"DeleteReceived", "context":{"id":"88408618-1964-4a3d-b09b-458c7acd719b", "isDeleted:":"true", "version":"1728049840977"}}
{"logTime": "1006/053151", "correlationVector":"2iNS+EDX2TMo3RyI1i6dhl.17","action":"GetUpdates", "result":"DeleteReceived", "context":{"id":"e91fe49f-6d2f-4e8e-9291-9474dc55d97e", "isDeleted:":"true", "version":"1728049840978"}}
{"logTime": "1006/053151", "correlationVector":"2iNS+EDX2TMo3RyI1i6dhl.18","action":"GetUpdates", "result":"DeleteReceived", "context":{"id":"35593959-6c5b-4b70-bd50-2f669f2e199e", "isDeleted:":"true", "version":"1728049840979"}}
{"logTime": "1006/053151", "correlationVector":"2iNS+EDX2TMo3RyI1i6dhl.19","action":"GetUpdates", "result":"DeleteReceived", "context":{"id":"d0d00744-ed86-49aa-9108-874c612a6814", "isDeleted:":"true", "version":"1728054757937"}}
{"logTime": "1006/053151", "correlationVector":"2iNS+EDX2TMo3RyI1i6dhl.20","action":"GetUpdates", "result":"DeleteReceived", "context":{"id":"b7ee4f7c-620f-476e-a52b-115fea4f1ccc", "isDeleted:":"true", "version":"1728056699418"}}
{"logTime": "1006/053151", "correlationVector":"2iNS+EDX2TMo3RyI1i6dhl.21","action":"GetUpdates", "result":"DeleteReceived", "context":{"id":"d9a72572-2169-4fd8-b5f0-666855592fc1", "isDeleted:":"true", "version":"1728056836750"}}
{"logTime": "1006/053151", "correlationVector":"2iNS+EDX2TMo3RyI1i6dhl.22","action":"GetUpdates", "result":"DeleteReceived", "context":{"id":"391c5b7e-47a0-4d4f-b7ba-931895bc255f", "isDeleted:":"true", "version":"1728056836751"}}
{"logTime": "1006/053151", "correlationVector":"2iNS+EDX2TMo3RyI1i6dhl.23","action":"GetUpdates", "result":"DeleteReceived", "context":{"id":"cfc603fe-dc6c-44d7-bb44-0f8c16beaace", "isDeleted:":"true", "version":"1728056836752"}}
{"logTime": "1006/053151", "correlationVector":"2iNS+EDX2TMo3RyI1i6dhl.24","action":"GetUpdates", "result":"DeleteReceived", "context":{"id":"d2749b52-0fac-4668-8cba-35aed3cb318f", "isDeleted:":"true", "version":"1728056836753"}}
{"logTime": "1006/053151", "correlationVector":"2iNS+EDX2TMo3RyI1i6dhl.25","action":"GetUpdates", "result":"DeleteReceived", "context":{"id":"7af6e327-f551-4a54-a753-e6702408dfdd", "isDeleted:":"true", "version":"1728056997542"}}
{"logTime": "1006/053151", "correlationVector":"2iNS+EDX2TMo3RyI1i6dhl.26","action":"GetUpdates", "result":"DeleteReceived", "context":{"id":"8a2a8e4f-b7b6-4d24-8271-fb31b22f657b", "isDeleted:":"true", "version":"1728057426288"}}
{"logTime": "1006/053151", "correlationVector":"2iNS+EDX2TMo3RyI1i6dhl.27","action":"GetUpdates", "result":"DeleteReceived", "context":{"id":"68154ebf-f45a-4ebc-a29f-a969895813ba", "isDeleted:":"true", "version":"1728057724937"}}
{"logTime": "1006/053151", "correlationVector":"2iNS+EDX2TMo3RyI1i6dhl.28","action":"GetUpdates", "result":"DeleteReceived", "context":{"id":"a2b3f174-c9af-4859-a40b-0dc82f965fcb", "isDeleted:":"true", "version":"1728057796283"}}
{"logTime": "1006/053151", "correlationVector":"2iNS+EDX2TMo3RyI1i6dhl.29","action":"GetUpdates", "result":"DeleteReceived", "context":{"id":"2922fe66-a9ed-4a37-be97-d5c3835a1455", "isDeleted:":"true", "version":"1728059922796"}}
{"logTime": "1006/053151", "correlationVector":"2iNS+EDX2TMo3RyI1i6dhl.30","action":"GetUpdates", "result":"DeleteReceived", "context":{"id":"0a8a2b7e-c4f4-41ce-9c1b-219dc338691b", "isDeleted:":"true", "version":"1728060217041"}}
{"logTime": "1006/053151", "correlationVector":"2iNS+EDX2TMo3RyI1i6dhl.31","action":"GetUpdates", "result":"DeleteReceived", "context":{"id":"febab101-bca4-4dca-8930-4ef9419bd3d6", "isDeleted:":"true", "version":"1728060217042"}}
{"logTime": "1006/053151", "correlationVector":"2iNS+EDX2TMo3RyI1i6dhl.32","action":"GetUpdates", "result":"DeleteReceived", "context":{"id":"aac9949d-1703-42c0-a9fe-392c7fa84037", "isDeleted:":"true", "version":"1728060349810"}}
{"logTime": "1006/053151", "correlationVector":"2iNS+EDX2TMo3RyI1i6dhl.33","action":"GetUpdates", "result":"DeleteReceived", "context":{"id":"7a619ab9-96a8-4ce8-ae5c-809a099b31ba", "isDeleted:":"true", "version":"1728060569337"}}
{"logTime": "1006/053151", "correlationVector":"2iNS+EDX2TMo3RyI1i6dhl.34","action":"GetUpdates", "result":"DeleteReceived", "context":{"id":"327251b5-0735-44b2-bb38-cc048cccc4c1", "isDeleted:":"true", "version":"1728061031395"}}
{"logTime": "1006/053151", "correlationVector":"2iNS+EDX2TMo3RyI1i6dhl.35","action":"GetUpdates", "result":"DeleteReceived", "context":{"id":"00c61b68-06f2-4b3a-abab-169345321eb3", "isDeleted:":"true", "version":"1728062920505"}}
{"logTime": "1006/053151", "correlationVector":"2iNS+EDX2TMo3RyI1i6dhl.36","action":"GetUpdates", "result":"DeleteReceived", "context":{"id":"06a41d7a-581d-4985-a4da-2d0088665836", "isDeleted:":"true", "version":"1728063621760"}}
{"logTime": "1006/053151", "correlationVector":"2iNS+EDX2TMo3RyI1i6dhl.37","action":"GetUpdates", "result":"DeleteReceived", "context":{"id":"49a08596-7de8-4358-99a4-eec071aed813", "isDeleted:":"true", "version":"1728063836448"}}
{"logTime": "1006/053151", "correlationVector":"2iNS+EDX2TMo3RyI1i6dhl.38","action":"GetUpdates", "result":"DeleteReceived", "context":{"id":"1caeded2-bdc8-4b11-a91e-678fce95fa40", "isDeleted:":"true", "version":"1728063836449"}}
{"logTime": "1006/053151", "correlationVector":"2iNS+EDX2TMo3RyI1i6dhl.39","action":"GetUpdates", "result":"DeleteReceived", "context":{"id":"0aef8bab-d47b-4202-9010-73bdaeb12214", "isDeleted:":"true", "version":"1728063836450"}}
{"logTime": "1006/053151", "correlationVector":"2iNS+EDX2TMo3RyI1i6dhl.40","action":"GetUpdates", "result":"DeleteReceived", "context":{"id":"9bcd7072-e43e-47ab-9256-c40252a3e1e4", "isDeleted:":"true", "version":"1728063836451"}}
{"logTime": "1006/053151", "correlationVector":"2iNS+EDX2TMo3RyI1i6dhl.41","action":"GetUpdates", "result":"DeleteReceived", "context":{"id":"86cfce8d-25eb-45f4-8a5a-70240f9a7075", "isDeleted:":"true", "version":"1728064926330"}}
{"logTime": "1006/053151", "correlationVector":"2iNS+EDX2TMo3RyI1i6dhl.42","action":"GetUpdates", "result":"DeleteReceived", "context":{"id":"01a88399-d730-404c-b0a9-62ed922b0a53", "isDeleted:":"true", "version":"1728094863540"}}
{"logTime": "1006/053151", "correlationVector":"2iNS+EDX2TMo3RyI1i6dhl.43","action":"GetUpdates", "result":"DeleteReceived", "context":{"id":"5ee4b939-5a4f-48c1-a821-9dac5e2a88d3", "isDeleted:":"true", "version":"1728098798711"}}
{"logTime": "1006/053151", "correlationVector":"2iNS+EDX2TMo3RyI1i6dhl.44","action":"GetUpdates", "result":"DeleteReceived", "context":{"id":"cfc3465f-0020-44e8-953f-183bcaccc725", "isDeleted:":"true", "version":"1728099978480"}}
{"logTime": "1006/053151", "correlationVector":"2iNS+EDX2TMo3RyI1i6dhl.45","action":"GetUpdates", "result":"DeleteReceived", "context":{"id":"5e2fe137-3ee5-4c9e-92a0-19f624c83dc5", "isDeleted:":"true", "version":"1728111865522"}}
{"logTime": "1006/053151", "correlationVector":"2iNS+EDX2TMo3RyI1i6dhl.46","action":"GetUpdates", "result":"DeleteReceived", "context":{"id":"31533a15-1b22-4ede-a449-96cc27db44bd", "isDeleted:":"true", "version":"1728111996286"}}
{"logTime": "1006/053151", "correlationVector":"2iNS+EDX2TMo3RyI1i6dhl.47","action":"GetUpdates", "result":"DeleteReceived", "context":{"id":"f318dde8-5431-4878-85c2-5ecbc147464b", "isDeleted:":"true", "version":"1728113052198"}}
{"logTime": "1006/053151", "correlationVector":"2iNS+EDX2TMo3RyI1i6dhl.48","action":"GetUpdates", "result":"DeleteReceived", "context":{"id":"7d083073-b922-4013-91cf-cb4cb71c5d6a", "isDeleted:":"true", "version":"1728113332299"}}
{"logTime": "1006/053151", "correlationVector":"2iNS+EDX2TMo3RyI1i6dhl.49","action":"GetUpdates", "result":"DeleteReceived", "context":{"id":"39f1e04f-3823-47e1-9b9a-444b9116fa97", "isDeleted:":"true", "version":"1728113407756"}}
{"logTime": "1006/053151", "correlationVector":"2iNS+EDX2TMo3RyI1i6dhl.50","action":"GetUpdates", "result":"DeleteReceived", "context":{"id":"bf84fc3d-f762-437f-a594-bf7079c86973", "isDeleted:":"true", "version":"1728114147623"}}
{"logTime": "1006/053151", "correlationVector":"2iNS+EDX2TMo3RyI1i6dhl.51","action":"GetUpdates", "result":"DeleteReceived", "context":{"id":"ea7fb731-5f52-40b4-8cd1-123f79ffa27e", "isDeleted:":"true", "version":"1728114147624"}}
{"logTime": "1006/053151", "correlationVector":"2iNS+EDX2TMo3RyI1i6dhl.52","action":"GetUpdates", "result":"DeleteReceived", "context":{"id":"159002b4-b289-4851-a294-a43755066385", "isDeleted:":"true", "version":"1728114147625"}}
{"logTime": "1006/053151", "correlationVector":"2iNS+EDX2TMo3RyI1i6dhl.53","action":"GetUpdates", "result":"DeleteReceived", "context":{"id":"2a796c2e-ae3a-4f18-88ad-0be244e879ca", "isDeleted:":"true", "version":"1728145893126"}}
{"logTime": "1006/053151", "correlationVector":"2iNS+EDX2TMo3RyI1i6dhl.54","action":"GetUpdates", "result":"DeleteReceived", "context":{"id":"bcdb79a1-b70a-47e5-97f8-602a8ef8f281", "isDeleted:":"true", "version":"1728145893127"}}
{"logTime": "1006/053151", "correlationVector":"2iNS+EDX2TMo3RyI1i6dhl.55","action":"GetUpdates", "result":"DeleteReceived", "context":{"id":"dbd7ea3c-7559-49d7-8e74-21882755f645", "isDeleted:":"true", "version":"1728145893128"}}
{"logTime": "1006/053151", "correlationVector":"2iNS+EDX2TMo3RyI1i6dhl.56","action":"GetUpdates", "result":"DeleteReceived", "context":{"id":"4e2163f3-594c-4aaf-ae16-305f7e52cd44", "isDeleted:":"true", "version":"1728145893129"}}
{"logTime": "1006/053151", "correlationVector":"2iNS+EDX2TMo3RyI1i6dhl.57","action":"GetUpdates", "result":"DeleteReceived", "context":{"id":"117b5be1-aa62-4d4f-b6c7-64e456f518dd", "isDeleted:":"true", "version":"1728145893130"}}
{"logTime": "1006/053151", "correlationVector":"2iNS+EDX2TMo3RyI1i6dhl.58","action":"GetUpdates", "result":"DeleteReceived", "context":{"id":"b291ea1b-6291-4b02-9847-187486152647", "isDeleted:":"true", "version":"1728146082554"}}
{"logTime": "1006/053151", "correlationVector":"2iNS+EDX2TMo3RyI1i6dhl.59","action":"GetUpdates", "result":"DeleteReceived", "context":{"id":"0c8d8bd1-89a7-4725-9882-6d07442a101f", "isDeleted:":"true", "version":"1728146082556"}}
{"logTime": "1006/053151", "correlationVector":"2iNS+EDX2TMo3RyI1i6dhl.60","action":"GetUpdates", "result":"DeleteReceived", "context":{"id":"20bda250-c925-4585-b8de-bc6cd2b24292", "isDeleted:":"true", "version":"1728147304139"}}
{"logTime": "1006/053151", "correlationVector":"2iNS+EDX2TMo3RyI1i6dhl.61","action":"GetUpdates", "result":"DeleteReceived", "context":{"id":"92d00e94-86e6-49dc-bf6b-3797acf95227", "isDeleted:":"true", "version":"1728148576283"}}
{"logTime": "1006/053151", "correlationVector":"2iNS+EDX2TMo3RyI1i6dhl.62","action":"GetUpdates", "result":"DeleteReceived", "context":{"id":"bc037797-483a-45bb-952c-1e7005a84716", "isDeleted:":"true", "version":"1728148836253"}}
{"logTime": "1006/053151", "correlationVector":"2iNS+EDX2TMo3RyI1i6dhl.63","action":"GetUpdates", "result":"DeleteReceived", "context":{"id":"91359da6-64ea-465f-b9b0-51f8ebaf1154", "isDeleted:":"true", "version":"1728148897629"}}
{"logTime": "1006/053151", "correlationVector":"2iNS+EDX2TMo3RyI1i6dhl.64","action":"GetUpdates", "result":"DeleteReceived", "context":{"id":"718d302a-8e9c-4e0d-a404-cf7bf35ad94b", "isDeleted:":"true", "version":"1728148931298"}}
{"logTime": "1006/053151", "correlationVector":"2iNS+EDX2TMo3RyI1i6dhl.65","action":"GetUpdates", "result":"DeleteReceived", "context":{"id":"4b83126e-3843-415d-ba48-0acd6a20dfbc", "isDeleted:":"true", "version":"1728148931299"}}
{"logTime": "1006/053151", "correlationVector":"2iNS+EDX2TMo3RyI1i6dhl.66","action":"GetUpdates", "result":"DeleteReceived", "context":{"id":"4129aa83-7550-4c45-9fa7-f52aaf720e48", "isDeleted:":"true", "version":"1728148931300"}}
{"logTime": "1006/053151", "correlationVector":"2iNS+EDX2TMo3RyI1i6dhl.67","action":"GetUpdates", "result":"DeleteReceived", "context":{"id":"a97ced80-b5ed-4bb0-aa16-095c4091e513", "isDeleted:":"true", "version":"1728185106073"}}
{"logTime": "1006/053151", "correlationVector":"2iNS+EDX2TMo3RyI1i6dhl.68","action":"GetUpdates Response", "result":"Success", "context":Received 248 update(s). cV=2iNS+EDX2TMo3RyI1i6dhl.0;server=GENERAL03000002;cloudType=Consumer;environment=Prod_SoutheastAsia_000j;migrationStage=NotStarted}
{"logTime": "1006/053152", "correlationVector":"F6R2+AteAblJI1n1kXuoWd","action":"Normal GetUpdate request", "result":"", "context":cV=F6R2+AteAblJI1n1kXuoWd
Nudged types: Sessions, Device Info, User Consents
Refresh requested types: Bookmarks, Preferences, Passwords, Autofill Profiles, Autofill, Typed URLs, Extensions, Sessions, Extension settings, History Delete Directives, Device Info, User Consents, Send Tab To Self, Web Apps, Collection, Edge E Drop, Edge Hub App Usage, Edge Tab Group, Edge Wallet, Encryption Keys}
{"logTime": "1006/053152", "correlationVector":"F6R2+AteAblJI1n1kXuoWd.1","action":"SyncServerConnectionManagerRequest", "result":"SYNC_SERVER_OK", "context":{"environment":"Prod_SoutheastAsia_000j", "migrationStage":"NotStarted", "server":"GENERAL0100000L"}}
{"logTime": "1006/053152", "correlationVector":"F6R2+AteAblJI1n1kXuoWd.2","action":"GetUpdates Response", "result":"Success", "context":Received 0 update(s). cV=F6R2+AteAblJI1n1kXuoWd.0;server=GENERAL0100000L;cloudType=Consumer;environment=Prod_SoutheastAsia_000j;migrationStage=NotStarted}
{"logTime": "1006/053152", "correlationVector":"nB48VLrvw5tZ5TtPl6nFhn","action":"DoCompareDataConsistency requsted types: ", "result":"Bookmarks, Preferences, Passwords, Typed URLs, Extensions, Extension settings, History Delete Directives, Send Tab To Self, Web Apps, Collection, Edge E Drop, Edge Tab Group, Edge Wallet, Encryption Keys"}
{"logTime": "1006/053152", "correlationVector":"nB48VLrvw5tZ5TtPl6nFhn.0","action":"CompareDataConsistency result: ", "result":"Compare result: Encryption Keys is consistent. local entities count is: 1 local entities hash is: XCDywvjc522ISaiHovLmoQ3Fk1U="}
{"logTime": "1006/053152", "correlationVector":"nB48VLrvw5tZ5TtPl6nFhn.1","action":"CompareDataConsistency result: ", "result":"Compare result: Bookmarks is consistent. local entities count is: 10 local entities hash is: Rvz5RdCdHGO29yK1+MXG0jCv5/Q="}
{"logTime": "1006/053152", "correlationVector":"nB48VLrvw5tZ5TtPl6nFhn.2","action":"CompareDataConsistency result: ", "result":"Compare result: Preferences is consistent. local entities count is: 73 local entities hash is: 0oAi8/i9ALp5jgHK32DBFb+AN6w="}
{"logTime": "1006/053152", "correlationVector":"nB48VLrvw5tZ5TtPl6nFhn.3","action":"CompareDataConsistency result: ", "result":"Server did not send this Typed URLs local entities count is: 9 local entities hash is: HbzxwsXgR5NHWNpa8EmoE/tnzTo="}
{"logTime": "1006/053152", "correlationVector":"nB48VLrvw5tZ5TtPl6nFhn.4","action":"CompareDataConsistency result: ", "result":"Compare result: Extensions is consistent. local entities count is: 1 local entities hash is: OBCP/n5EZZMdtFHc0VQiePnZ+CQ="}
{"logTime": "1006/053152", "correlationVector":"nB48VLrvw5tZ5TtPl6nFhn.5","action":"CompareDataConsistency result: ", "result":"Compare result: Extension settings is consistent. local entities count is: 0 local entities hash is: "}
{"logTime": "1006/053152", "correlationVector":"nB48VLrvw5tZ5TtPl6nFhn.6","action":"CompareDataConsistency result: ", "result":"Compare result: History Delete Directives is consistent. local entities count is: 0 local entities hash is: "}
{"logTime": "1006/053152", "correlationVector":"nB48VLrvw5tZ5TtPl6nFhn.7","action":"CompareDataConsistency result: ", "result":"Server did not send this Send Tab To Self local entities count is: 0 local entities hash is: "}
{"logTime": "1006/053152", "correlationVector":"nB48VLrvw5tZ5TtPl6nFhn.8","action":"CompareDataConsistency result: ", "result":"Compare result: Web Apps is consistent. local entities count is: 1 local entities hash is: nLCX79UHF5PJuBIR2jreddvs4sM="}
{"logTime": "1006/053152", "correlationVector":"nB48VLrvw5tZ5TtPl6nFhn.9","action":"CompareDataConsistency result: ", "result":"Compare result: Collection is consistent. local entities count is: 0 local entities hash is: "}
{"logTime": "1006/053152", "correlationVector":"nB48VLrvw5tZ5TtPl6nFhn.10","action":"CompareDataConsistency result: ", "result":"Compare result: Edge E Drop is consistent. local entities count is: 0 local entities hash is: "}
{"logTime": "1006/053152", "correlationVector":"nB48VLrvw5tZ5TtPl6nFhn.11","action":"CompareDataConsistency result: ", "result":"Compare result: Edge Tab Group is consistent. local entities count is: 0 local entities hash is: "}
{"logTime": "1006/053152", "correlationVector":"nB48VLrvw5tZ5TtPl6nFhn.12","action":"CompareDataConsistency result: ", "result":"Compare result: Edge Wallet is consistent. local entities count is: 0 local entities hash is: "}
{"logTime": "1006/053152", "correlationVector":"nB48VLrvw5tZ5TtPl6nFhn.13","action":"CompareDataConsistency result: ", "result":"Compare result: Passwords is consistent. local entities count is: 15 local entities hash is: oYJX3lqCs0K79a/QUR2s6jjNSR4="}
{"logTime": "1006/053152", "correlationVector":"U9bJbV320GDdG9E+gVF9SR","action":"Commit Request", "result":"", "context":Item count: 5
Contributing types: Sessions, Device Info, User Consents}
{"logTime": "1006/053153", "correlationVector":"U9bJbV320GDdG9E+gVF9SR.1","action":"SyncServerConnectionManagerRequest", "result":"SYNC_SERVER_OK", "context":{"environment":"Prod_SoutheastAsia_000j", "migrationStage":"NotStarted", "server":"GENERAL0100000U"}}
{"logTime": "1006/053153", "correlationVector":"U9bJbV320GDdG9E+gVF9SR.2","action":"Commit Response", "result":"Success", "context":Result: Success. cV=U9bJbV320GDdG9E+gVF9SR.0;server=GENERAL0100000U;cloudType=Consumer;environment=Prod_SoutheastAsia_000j;migrationStage=NotStarted}
{"logTime": "1006/053153", "correlationVector":"","action":"DIAGNOSTIC_REQUEST|v1/diagnosticData/Diagnostic.SendCheckResult()|SUCCESS", "result":""}
{"logTime": "1006/053153", "correlationVector":"GUnhwFAIrgYFcdq3DW60LO","action":"Normal GetUpdate request", "result":"", "context":cV=GUnhwFAIrgYFcdq3DW60LO
Nudged types: Sessions, Device Info}
{"logTime": "1006/053154", "correlationVector":"GUnhwFAIrgYFcdq3DW60LO.1","action":"SyncServerConnectionManagerRequest", "result":"SYNC_SERVER_OK", "context":{"environment":"Prod_SoutheastAsia_000j", "migrationStage":"NotStarted", "server":"GENERAL03000003"}}
{"logTime": "1006/053154", "correlationVector":"GUnhwFAIrgYFcdq3DW60LO.2","action":"GetUpdates Response", "result":"Success", "context":Received 3 update(s). cV=GUnhwFAIrgYFcdq3DW60LO.0;server=GENERAL03000003;cloudType=Consumer;environment=Prod_SoutheastAsia_000j;migrationStage=NotStarted}
{"logTime": "1006/053223", "correlationVector":"aubmIPQQlQrTJXIA8GVPYt","action":"Normal GetUpdate request", "result":"", "context":cV=aubmIPQQlQrTJXIA8GVPYt
Nudged types: Preferences, Sessions}
{"logTime": "1006/053223", "correlationVector":"aubmIPQQlQrTJXIA8GVPYt.1","action":"SyncServerConnectionManagerRequest", "result":"SYNC_SERVER_OK", "context":{"environment":"Prod_SoutheastAsia_000j", "migrationStage":"NotStarted", "server":"GENERAL03000026"}}
{"logTime": "1006/053223", "correlationVector":"aubmIPQQlQrTJXIA8GVPYt.2","action":"GetUpdates Response", "result":"Success", "context":Received 1 update(s). cV=aubmIPQQlQrTJXIA8GVPYt.0;server=GENERAL03000026;cloudType=Consumer;environment=Prod_SoutheastAsia_000j;migrationStage=NotStarted}
{"logTime": "1006/053223", "correlationVector":"IuUUA4MUkm+1G623g1PsfJ","action":"Commit Request", "result":"", "context":Item count: 3
Contributing types: Preferences, Sessions}
{"logTime": "1006/053224", "correlationVector":"IuUUA4MUkm+1G623g1PsfJ.1","action":"SyncServerConnectionManagerRequest", "result":"SYNC_SERVER_OK", "context":{"environment":"Prod_SoutheastAsia_000j", "migrationStage":"NotStarted", "server":"GENERAL03000013"}}
{"logTime": "1006/053224", "correlationVector":"IuUUA4MUkm+1G623g1PsfJ.2","action":"Commit Response", "result":"Success", "context":Result: Success. cV=IuUUA4MUkm+1G623g1PsfJ.0;server=GENERAL03000013;cloudType=Consumer;environment=Prod_SoutheastAsia_000j;migrationStage=NotStarted}
{"logTime": "1006/053226", "correlationVector":"yPsbIHEHDpfMw3FgRrdOXB","action":"Commit Request", "result":"", "context":Item count: 1
Contributing types: Sessions}
{"logTime": "1006/053226", "correlationVector":"yPsbIHEHDpfMw3FgRrdOXB.1","action":"SyncServerConnectionManagerRequest", "result":"SYNC_SERVER_OK", "context":{"environment":"Prod_SoutheastAsia_000j", "migrationStage":"NotStarted", "server":"GENERAL03000003"}}
{"logTime": "1006/053226", "correlationVector":"yPsbIHEHDpfMw3FgRrdOXB.2","action":"Commit Response", "result":"Success", "context":Result: Success. cV=yPsbIHEHDpfMw3FgRrdOXB.0;server=GENERAL03000003;cloudType=Consumer;environment=Prod_SoutheastAsia_000j;migrationStage=NotStarted}
{"logTime": "1006/053338", "correlationVector":"d7zYeK9MfIwIvh53qIdiuy","action":"Commit Request", "result":"", "context":Item count: 1
Contributing types: Sessions}
{"logTime": "1006/053338", "correlationVector":"d7zYeK9MfIwIvh53qIdiuy.1","action":"SyncServerConnectionManagerRequest", "result":"SYNC_SERVER_OK", "context":{"environment":"Prod_SoutheastAsia_000j", "migrationStage":"NotStarted", "server":"GENERAL0100000Y"}}
{"logTime": "1006/053338", "correlationVector":"d7zYeK9MfIwIvh53qIdiuy.2","action":"Commit Response", "result":"Success", "context":Result: Success. cV=d7zYeK9MfIwIvh53qIdiuy.0;server=GENERAL0100000Y;cloudType=Consumer;environment=Prod_SoutheastAsia_000j;migrationStage=NotStarted}
{"logTime": "1006/053428", "correlationVector":"7kgoQQO7MhcB0vrBVTjlQ2","action":"Commit Request", "result":"", "context":Item count: 1
Contributing types: Sessions}
{"logTime": "1006/053429", "correlationVector":"7kgoQQO7MhcB0vrBVTjlQ2.1","action":"SyncServerConnectionManagerRequest", "result":"SYNC_SERVER_OK", "context":{"environment":"Prod_SoutheastAsia_000j", "migrationStage":"NotStarted", "server":"GENERAL0300001V"}}
{"logTime": "1006/053429", "correlationVector":"7kgoQQO7MhcB0vrBVTjlQ2.2","action":"Commit Response", "result":"Success", "context":Result: Success. cV=7kgoQQO7MhcB0vrBVTjlQ2.0;server=GENERAL0300001V;cloudType=Consumer;environment=Prod_SoutheastAsia_000j;migrationStage=NotStarted}
{"logTime": "1006/053532", "correlationVector":"CgNvl70rmY182HD69xZIJt","action":"Commit Request", "result":"", "context":Item count: 1
Contributing types: Sessions}
{"logTime": "1006/053533", "correlationVector":"CgNvl70rmY182HD69xZIJt.1","action":"SyncServerConnectionManagerRequest", "result":"SYNC_SERVER_OK", "context":{"environment":"Prod_SoutheastAsia_000j", "migrationStage":"NotStarted", "server":"GENERAL0100000W"}}
{"logTime": "1006/053533", "correlationVector":"CgNvl70rmY182HD69xZIJt.2","action":"Commit Response", "result":"Success", "context":Result: Success. cV=CgNvl70rmY182HD69xZIJt.0;server=GENERAL0100000W;cloudType=Consumer;environment=Prod_SoutheastAsia_000j;migrationStage=NotStarted}
{"logTime": "1006/053613", "correlationVector":"rekJQvnJoI9WMwpswN4kTW","action":"Commit Request", "result":"", "context":Item count: 1
Contributing types: Sessions}
{"logTime": "1006/053614", "correlationVector":"rekJQvnJoI9WMwpswN4kTW.1","action":"SyncServerConnectionManagerRequest", "result":"SYNC_SERVER_OK", "context":{"environment":"Prod_SoutheastAsia_000j", "migrationStage":"NotStarted", "server":"GENERAL0300001X"}}
{"logTime": "1006/053614", "correlationVector":"rekJQvnJoI9WMwpswN4kTW.2","action":"Commit Response", "result":"Success", "context":Result: Success. cV=rekJQvnJoI9WMwpswN4kTW.0;server=GENERAL0300001X;cloudType=Consumer;environment=Prod_SoutheastAsia_000j;migrationStage=NotStarted}
{"logTime": "1006/053646", "correlationVector":"Gc+UADJvVpe/2LY99v+M3I","action":"Normal GetUpdate request", "result":"", "context":cV=Gc+UADJvVpe/2LY99v+M3I
Refresh requested types: Bookmarks, Preferences, Passwords, Autofill Profiles, Autofill, Typed URLs, Extensions, Sessions, Extension settings, History Delete Directives, Device Info, User Consents, Send Tab To Self, Web Apps, Collection, Edge E Drop, Edge Hub App Usage, Edge Tab Group, Edge Wallet, Encryption Keys}
{"logTime": "1006/053646", "correlationVector":"Gc+UADJvVpe/2LY99v+M3I.1","action":"SyncServerConnectionManagerRequest", "result":"SYNC_SERVER_OK", "context":{"environment":"Prod_SoutheastAsia_000j", "migrationStage":"NotStarted", "server":"GENERAL0300001I"}}
{"logTime": "1006/053646", "correlationVector":"Gc+UADJvVpe/2LY99v+M3I.2","action":"GetUpdates Response", "result":"Success", "context":Received 3 update(s). cV=Gc+UADJvVpe/2LY99v+M3I.0;server=GENERAL0300001I;cloudType=Consumer;environment=Prod_SoutheastAsia_000j;migrationStage=NotStarted}
{"logTime": "1006/053722", "correlationVector":"Net9q2TPs9BnyOJ64i+Ie4","action":"Commit Request", "result":"", "context":Item count: 1
Contributing types: Sessions}
{"logTime": "1006/053723", "correlationVector":"Net9q2TPs9BnyOJ64i+Ie4.1","action":"SyncServerConnectionManagerRequest", "result":"SYNC_SERVER_OK", "context":{"environment":"Prod_SoutheastAsia_000j", "migrationStage":"NotStarted", "server":"GENERAL0300001M"}}
{"logTime": "1006/053723", "correlationVector":"Net9q2TPs9BnyOJ64i+Ie4.2","action":"Commit Response", "result":"Success", "context":Result: Success. cV=Net9q2TPs9BnyOJ64i+Ie4.0;server=GENERAL0300001M;cloudType=Consumer;environment=Prod_SoutheastAsia_000j;migrationStage=NotStarted}
{"logTime": "1006/053800", "correlationVector":"h8hsaKpZ8EL1SbmXV1ZTmG","action":"Commit Request", "result":"", "context":Item count: 1
Contributing types: Sessions}
{"logTime": "1006/053800", "correlationVector":"h8hsaKpZ8EL1SbmXV1ZTmG.1","action":"SyncServerConnectionManagerRequest", "result":"SYNC_SERVER_OK", "context":{"environment":"Prod_SoutheastAsia_000j", "migrationStage":"NotStarted", "server":"GENERAL01000017"}}
{"logTime": "1006/053800", "correlationVector":"h8hsaKpZ8EL1SbmXV1ZTmG.2","action":"Commit Response", "result":"Success", "context":Result: Success. cV=h8hsaKpZ8EL1SbmXV1ZTmG.0;server=GENERAL01000017;cloudType=Consumer;environment=Prod_SoutheastAsia_000j;migrationStage=NotStarted}
{"logTime": "1006/053839", "correlationVector":"tb4Gan76gLKPDBBUQESI6u","action":"Commit Request", "result":"", "context":Item count: 1
Contributing types: Sessions}
{"logTime": "1006/053839", "correlationVector":"tb4Gan76gLKPDBBUQESI6u.1","action":"SyncServerConnectionManagerRequest", "result":"SYNC_SERVER_OK", "context":{"environment":"Prod_SoutheastAsia_000j", "migrationStage":"NotStarted", "server":"GENERAL03000009"}}
{"logTime": "1006/053839", "correlationVector":"tb4Gan76gLKPDBBUQESI6u.2","action":"Commit Response", "result":"Success", "context":Result: Success. cV=tb4Gan76gLKPDBBUQESI6u.0;server=GENERAL03000009;cloudType=Consumer;environment=Prod_SoutheastAsia_000j;migrationStage=NotStarted}
{"logTime": "1006/054351", "correlationVector":"AsEy0Jao/uL+mJqSwKPP/0","action":"Commit Request", "result":"", "context":Item count: 1
Contributing types: Sessions}
{"logTime": "1006/054351", "correlationVector":"AsEy0Jao/uL+mJqSwKPP/0.1","action":"SyncServerConnectionManagerRequest", "result":"SYNC_SERVER_OK", "context":{"environment":"Prod_SoutheastAsia_000j", "migrationStage":"NotStarted", "server":"GENERAL0100001G"}}
{"logTime": "1006/054351", "correlationVector":"AsEy0Jao/uL+mJqSwKPP/0.2","action":"Commit Response", "result":"Success", "context":Result: Success. cV=AsEy0Jao/uL+mJqSwKPP/0.0;server=GENERAL0100001G;cloudType=Consumer;environment=Prod_SoutheastAsia_000j;migrationStage=NotStarted}
